<?xml version="1.0" encoding="UTF-8"?>
<testng-results ignored="0" total="0" passed="0" failed="0" skipped="0">
  <reporter-output>
  </reporter-output>
  <suite started-at="2025-11-13T10:37:36 IST" name="Selenium Demo Suite" finished-at="2025-11-13T10:37:36 IST" duration-ms="8">
    <groups>
    </groups>
    <test started-at="2025-11-13T10:37:36 IST" name="Browser and UI Test" finished-at="2025-11-13T10:37:36 IST" duration-ms="8">
    </test> <!-- Browser and UI Test -->
  </suite> <!-- Selenium Demo Suite -->
</testng-results>
